demo@cx:/zebra/V2022.2.5$ sudo lspci -v -d 10ee:
01:00.0 Serial controller: Xilinx Corporation Device 8022 (prog-if 00 [8250])
        Subsystem: Xilinx Corporation Device 0007
        Flags: bus master, fast devsel, latency 0
        Memory at fc000000 (32-bit, non-prefetchable) [size=4M]
        Memory at fa000000 (32-bit, non-prefetchable) [size=32M]
        Capabilities: [40] Power Management version 3
        Capabilities: [48] MSI: Enable- Count=1/1 Maskable- 64bit+
        Capabilities: [70] Express Endpoint, MSI 00
        Capabilities: [100] Advanced Error Reporting
        Capabilities: [1c0] #19
        Capabilities: [350] Vendor Specific Information: ID=0001 Rev=1 Len=02c <?>
        Kernel driver in use: zebra
        Kernel modules: zebra


demo@cx:/zebra/V2022.2.5$ source ./settings.sh
demo@cx:/zebra/V2022.2.5$ zebra_tools --checkCores 

[ZEBRA] Log file: /home/demo/.mipsology/zebra/log/zebra_tools.20220904-182224.25379.log
[ZEBRA] ======================
[ZEBRA] MIPSOLOGY SAS (c) 2022
[ZEBRA] Zebra V2022.2.5
[ZEBRA] ======================
[ZEBRA] The command line is: "zebra_tools --checkCores".
[ZEBRA] Detect XIL_AU50 board 0 on PCIe slot 0000:01:00.
[ZEBRA] Check if board 0 system 0 core 0 can be used ... OK.
[ZEBRA] Check if board 0 system 1 core 0 can be used ... OK.
[ZEBRA] Check if board 0 system 2 core 0 can be used ... OK.
[ZEBRA] Check if board 0 system 3 core 0 can be used ... OK.
[ZEBRA]
[ZEBRA] No HW assertion detected.

