
demo@vck5000:~/zebra/examples$ ./run_classification.sh -n resnet50 -f tensorflow2
+----------------------------+
|      DOWNLOAD IMAGES       |
+----------------------------+

Images have already been downloaded into datasets/imagenet

***********************************************
Running tensorflow2 framework image classification with resnet50 model.
***********************************************
Running testbench ...
/home/demo/zebra/examples/batcher_py/tensorflow2_batcher.py --mode Gold --modelPath /home/demo/zebra/examples/models/resnet50/tensorflow2 --imgPath datasets/imagenet/ILSVRC2012_img_val --goldFile datasets/imagenet/ILSVRC_2012_val_GroundTruth_10p.txt --testList top1:top5 --demoPath . --imageShape 3 224 224 --preProcess (PanScan 224 224) RGB (StdNorm 0 255) --postProcess TOP_N --predictMode TOP_N_DEMO --predictFile predict.log --nbImages 400 --batchSize 40
2022-08-29 15:42:28.529615: W tensorflow/stream_executor/platform/default/dso_loader.cc:64] Could not load dynamic library 'libcudart.so.11.0'; dlerror: libcudart.so.11.0: cannot open shared object file: No such file or directory; LD_LIBRARY_PATH: /usr/local/lib/python3.8/dist-packages/cv2/../../lib64::/home/demo/zebra/lib:/home/demo/zebra/lib/zebra:/home/demo/zebra/lib/converter:/home/demo/zebra/lib/wrapper
2022-08-29 15:42:28.529653: I tensorflow/stream_executor/cuda/cudart_stub.cc:29] Ignore above cudart dlerror if you do not have a GPU set up on your machine.
[ZEBRA] ---------- Load label file ----------
[ZEBRA] ---------- Load the network ----------
WARNING:tensorflow:SavedModel saved prior to TF 2.5 detected when loading Keras model. Please ensure that you are saving the model with model.save() or tf.keras.models.save_model(), *NOT* tf.saved_model.save(). To confirm, there should be a file named "keras_metadata.pb" in the SavedModel directory.
2022-08-29 15:42:30.215121: W tensorflow/stream_executor/platform/default/dso_loader.cc:64] Could not load dynamic library 'libcuda.so.1'; dlerror: libcuda.so.1: cannot open shared object file: No such file or directory; LD_LIBRARY_PATH: /usr/local/lib/python3.8/dist-packages/cv2/../../lib64::/home/demo/zebra/lib:/home/demo/zebra/lib/zebra:/home/demo/zebra/lib/converter:/home/demo/zebra/lib/wrapper
2022-08-29 15:42:30.215146: W tensorflow/stream_executor/cuda/cuda_driver.cc:269] failed call to cuInit: UNKNOWN ERROR (303)
2022-08-29 15:42:30.215164: I tensorflow/stream_executor/cuda/cuda_diagnostics.cc:156] kernel driver does not appear to be running on this host (vck5000): /proc/driver/nvidia/version does not exist
2022-08-29 15:42:30.215517: I tensorflow/core/platform/cpu_feature_guard.cc:151] This TensorFlow binary is optimized with oneAPI Deep Neural Network Library (oneDNN) to use the following CPU instructions in performance-critical operations:  AVX2 FMA
To enable them in other operations, rebuild TensorFlow with the appropriate compiler flags.
/usr/local/lib/python3.8/dist-packages/keras/layers/core/lambda_layer.py:303: UserWarning: official.vision.image_classification.resnet_model is not loaded, but a Lambda layer uses it. It may cause errors.
  function = cls._parse_function_from_config(config, custom_objects,
WARNING:tensorflow:No training configuration found in save file, so the model was *not* compiled. Compile it manually.
[ZEBRA] Gold instanciation...
[ZEBRA] ---------- Load Images ----------
[ZEBRA] 100.0% of images loaded
[ZEBRA] Images loaded
[ZEBRA] 10 batches of 40 images
[ZEBRA] Predict mode
[ZEBRA] Log file: /home/demo/.mipsology/zebra/log/python3.20220829-154236.124.log
[ZEBRA] ======================
[ZEBRA] MIPSOLOGY SAS (c) 2022
[ZEBRA] Zebra V2022.versal.alpha
[ZEBRA] ======================
[ZEBRA] The command line is: "python3 /home/demo/zebra/examples/batcher_py/tensorflow2_batcher.py --mode Gold --modelPath /home/demo/zebra/examples/models/resnet50/tensorflow2 --imgPath datasets/imagenet/ILSVRC2012_img_val --goldFile datasets/imagenet/ILSVRC_2012_val_GroundTruth_10p.txt --testList top1:top5 --demoPath . --imageShape 3 224 224 --preProcess (PanScan 224 224) RGB (StdNorm 0 255) --postProcess TOP_N --predictMode TOP_N_DEMO --predictFile predict.log --nbImages 400 --batchSize 40".
[ZEBRA] Converting Keras model to TensorFlow.
2022-08-29 15:42:37.028529: I tensorflow/core/grappler/devices.cc:66] Number of eligible GPUs (core count >= 8, compute capability >= 0.0): 0
2022-08-29 15:42:37.028680: I tensorflow/core/grappler/clusters/single_machine.cc:358] Starting new session
2022-08-29 15:42:37.042990: I tensorflow/core/grappler/optimizers/meta_optimizer.cc:1164] Optimization results for grappler item: graph_to_optimize
  function_optimizer: Graph size after: 732 nodes (16), 1014 edges (16), time = 4.706ms.
  function_optimizer: function_optimizer did nothing. time = 0.184ms.

WARNING:tensorflow:From /usr/local/lib/python3.8/dist-packages/tf2onnx/tf_loader.py:706: extract_sub_graph (from tensorflow.python.framework.graph_util_impl) is deprecated and will be removed in a future version.
Instructions for updating:
Use `tf.compat.v1.graph_util.extract_sub_graph`
2022-08-29 15:42:38.529069: I tensorflow/core/grappler/devices.cc:66] Number of eligible GPUs (core count >= 8, compute capability >= 0.0): 0
2022-08-29 15:42:38.529247: I tensorflow/core/grappler/clusters/single_machine.cc:358] Starting new session
2022-08-29 15:42:38.818386: I tensorflow/core/grappler/optimizers/meta_optimizer.cc:1164] Optimization results for grappler item: graph_to_optimize
  constant_folding: Graph size after: 465 nodes (-267), 747 edges (-267), time = 116.068ms.
  function_optimizer: function_optimizer did nothing. time = 0.003ms.
  constant_folding: Graph size after: 465 nodes (0), 747 edges (0), time = 68.135ms.
  function_optimizer: function_optimizer did nothing. time = 0.007ms.

[ZEBRA] Saving model into directory "/home/demo/zebra/examples/models.zebra/6a3bd87-68ab657.info".
[ZEBRA] Loading TensorFlow preprocessing subgraph.
[ZEBRA] Loading TensorFlow processing subgraph.
[ZEBRA] Loading TensorFlow postprocessing subgraph.
[ZEBRA] Loading 'from TensorFlow' ONNX model.
[ZEBRA] resnet50 will run with Iriz flow
/usr/local/lib/python3.8/dist-packages/torch/nn/functional.py:718: UserWarning: Named tensors and all their associated APIs are an experimental feature and subject to change. Please do not use them for anything important until they are released as stable. (Triggered internally at  /pytorch/c10/core/TensorImpl.h:1156.)
  return torch.max_pool2d(input, kernel_size, stride, padding, dilation, ceil_mode)
2 subgraphs are executed on the CPU
[ZEBRA]
[ZEBRA] Statistics (in ms) for network "resnet50", 40 samples per batch, batch number   0:
[ZEBRA] Running resnet50_subgraph#0 (inputs = [Input node input_1:0, 1 users], outputs = [Node resnet50/conv1/Conv2D__6:0, 0 users]) on CPU.
[ZEBRA]   resnet50_subgraph#0 (CPU mode):   Whole sum   9.13,1 input (40x224x224x3)  processed into 1 output (40x3x224x224)
[ZEBRA] Running resnet50_subgraph#1 (inputs = [Input node resnet50/conv1/Conv2D__6:0, 1 users], outputs = [Node resnet50/fc1000/BiasAdd:0, 0 users]) on ZEBRA.
[ZEBRA] Detect XIL_VCK5000Prod_woAIE board 0 on PCIe slot 0000:01:00.
[ZEBRA] Set ddrMapping to 2 on board 0 system 0.
[ZEBRA] Set ddrMapping to 2 on board 0 system 1.
[ZEBRA] Set ddrMapping to 2 on board 0 system 2.
[ZEBRA] Set ddrMapping to 2 on board 0 system 3.
[ZEBRA] License for board 0 will expire on 2023-04-11, 224 days remaining.
[ZEBRA] Download and Unquantization of layer resnet50/fc1000/BiasAdd:0 will use :
[ZEBRA]          optimized algorithm
[ZEBRA]          int8_t to float conversion
[ZEBRA]          bias addition
[ZEBRA]   resnet50_subgraph#1 (ZEBRA mode): Whole sum 8168.62 | CPU only sum 8146.24 | Pre-process 8128.24 | PCIe writes  1.55 | FPGA  22.37 | Post-process 16.45 | PCIe reads  0.00,1 input (40x3x224x224)  processed into 1 output (40x1001)
[ZEBRA] Running resnet50_subgraph#2 (inputs = [Input node resnet50/fc1000/BiasAdd:0, 1 users], outputs = [Node Identity:0, 0 users]) on CPU.
[ZEBRA]   resnet50_subgraph#2 (CPU mode):   Whole sum   0.50,1 input (40x1001)  processed into 1 output (40x1001)
[ZEBRA]   Whole graph
[ZEBRA] Statistics (in ms) for network "resnet50", 40 samples per batch, batch number   1:
[ZEBRA]   resnet50_subgraph#0 (CPU mode):   Whole sum  15.07,1 input (40x224x224x3)  processed into 1 output (40x3x224x224)
[ZEBRA]   resnet50_subgraph#1 (ZEBRA mode): Whole sum  30.18 | CPU only sum  7.84 | Pre-process  3.05 | PCIe writes  3.84 | FPGA  22.34 | Post-process  0.27 | PCIe reads  0.68,1 input (40x3x224x224)  processed into 1 output (40x1001)
[ZEBRA]   resnet50_subgraph#2 (CPU mode):   Whole sum   0.32,1 input (40x1001)  processed into 1 output (40x1001)
[ZEBRA]   Whole graph  (ZEBRA mode): Whole sum  45.57 | Pre-process  3.05 | PCIe writes  3.84 | FPGA  22.34 | Post-process  0.27 | PCIe reads  0.68 | ZEBRA overhead  7.84 | CPU sum 15.39,1 input (40x224x224x3)  processed into 1 output (40x1001)
[ZEBRA]
[ZEBRA] Statistics (in ms) for network "resnet50", 40 samples per batch, batch number   2:
[ZEBRA]   resnet50_subgraph#0 (CPU mode):   Whole sum  12.13,1 input (40x224x224x3)  processed into 1 output (40x3x224x224)
[ZEBRA]   resnet50_subgraph#1 (ZEBRA mode): Whole sum  31.68 | CPU only sum  9.32 | Pre-process  3.37 | PCIe writes  5.21 | FPGA  22.36 | Post-process  0.28 | PCIe reads  0.46,1 input (40x3x224x224)  processed into 1 output (40x1001)
[ZEBRA]   resnet50_subgraph#2 (CPU mode):   Whole sum   0.21,1 input (40x1001)  processed into 1 output (40x1001)
[ZEBRA]   Whole graph  (ZEBRA mode): Whole sum  44.03 | Pre-process  3.37 | PCIe writes  5.21 | FPGA  22.36 | Post-process  0.28 | PCIe reads  0.46 | ZEBRA overhead  9.32 | CPU sum 12.35,1 input (40x224x224x3)  processed into 1 output (40x1001)
[ZEBRA]
[ZEBRA] Statistics (in ms) for network "resnet50", 40 samples per batch, batch number   3:
[ZEBRA]   resnet50_subgraph#0 (CPU mode):   Whole sum  13.77,1 input (40x224x224x3)  processed into 1 output (40x3x224x224)
[ZEBRA]   resnet50_subgraph#1 (ZEBRA mode): Whole sum  30.51 | CPU only sum  8.16 | Pre-process  2.89 | PCIe writes  4.42 | FPGA  22.35 | Post-process  0.28 | PCIe reads  0.57,1 input (40x3x224x224)  processed into 1 output (40x1001)
[ZEBRA]   resnet50_subgraph#2 (CPU mode):   Whole sum   0.22,1 input (40x1001)  processed into 1 output (40x1001)
[ZEBRA]   Whole graph  (ZEBRA mode): Whole sum  44.50 | Pre-process  2.89 | PCIe writes  4.42 | FPGA  22.35 | Post-process  0.28 | PCIe reads  0.57 | ZEBRA overhead  8.16 | CPU sum 13.99,1 input (40x224x224x3)  processed into 1 output (40x1001)
[ZEBRA]
[ZEBRA] Statistics (in ms) for network "resnet50", 40 samples per batch, batch number   4:
[ZEBRA]   resnet50_subgraph#0 (CPU mode):   Whole sum  12.57,1 input (40x224x224x3)  processed into 1 output (40x3x224x224)
[ZEBRA]   resnet50_subgraph#1 (ZEBRA mode): Whole sum  31.13 | CPU only sum  8.81 | Pre-process  3.19 | PCIe writes  4.79 | FPGA  22.33 | Post-process  0.29 | PCIe reads  0.53,1 input (40x3x224x224)  processed into 1 output (40x1001)
[ZEBRA]   resnet50_subgraph#2 (CPU mode):   Whole sum   0.21,1 input (40x1001)  processed into 1 output (40x1001)
[ZEBRA]   Whole graph  (ZEBRA mode): Whole sum  43.92 | Pre-process  3.19 | PCIe writes  4.79 | FPGA  22.33 | Post-process  0.29 | PCIe reads  0.53 | ZEBRA overhead  8.81 | CPU sum 12.78,1 input (40x224x224x3)  processed into 1 output (40x1001)
[ZEBRA]
[ZEBRA] Statistics (in ms) for network "resnet50", 40 samples per batch, batch number   5:
[ZEBRA]   resnet50_subgraph#0 (CPU mode):   Whole sum  11.33,1 input (40x224x224x3)  processed into 1 output (40x3x224x224)
[ZEBRA]   resnet50_subgraph#1 (ZEBRA mode): Whole sum  32.33 | CPU only sum  9.97 | Pre-process  4.24 | PCIe writes  4.98 | FPGA  22.36 | Post-process  0.28 | PCIe reads  0.48,1 input (40x3x224x224)  processed into 1 output (40x1001)
[ZEBRA]   resnet50_subgraph#2 (CPU mode):   Whole sum   0.20,1 input (40x1001)  processed into 1 output (40x1001)
[ZEBRA]   Whole graph  (ZEBRA mode): Whole sum  43.86 | Pre-process  4.24 | PCIe writes  4.98 | FPGA  22.36 | Post-process  0.28 | PCIe reads  0.48 | ZEBRA overhead  9.97 | CPU sum 11.53,1 input (40x224x224x3)  processed into 1 output (40x1001)
[ZEBRA]
[ZEBRA] Statistics (in ms) for network "resnet50", 40 samples per batch, batch number   6:
[ZEBRA]   resnet50_subgraph#0 (CPU mode):   Whole sum  11.37,1 input (40x224x224x3)  processed into 1 output (40x3x224x224)
[ZEBRA]   resnet50_subgraph#1 (ZEBRA mode): Whole sum  31.65 | CPU only sum  9.29 | Pre-process  3.39 | PCIe writes  5.12 | FPGA  22.37 | Post-process  0.28 | PCIe reads  0.49,1 input (40x3x224x224)  processed into 1 output (40x1001)
[ZEBRA]   resnet50_subgraph#2 (CPU mode):   Whole sum   0.21,1 input (40x1001)  processed into 1 output (40x1001)
[ZEBRA]   Whole graph  (ZEBRA mode): Whole sum  43.23 | Pre-process  3.39 | PCIe writes  5.12 | FPGA  22.37 | Post-process  0.28 | PCIe reads  0.49 | ZEBRA overhead  9.29 | CPU sum 11.58,1 input (40x224x224x3)  processed into 1 output (40x1001)
[ZEBRA]
[ZEBRA] Statistics (in ms) for network "resnet50", 40 samples per batch, batch number   7:
[ZEBRA]   resnet50_subgraph#0 (CPU mode):   Whole sum  11.60,1 input (40x224x224x3)  processed into 1 output (40x3x224x224)
[ZEBRA]   resnet50_subgraph#1 (ZEBRA mode): Whole sum  32.11 | CPU only sum  9.73 | Pre-process  3.56 | PCIe writes  5.35 | FPGA  22.38 | Post-process  0.27 | PCIe reads  0.55,1 input (40x3x224x224)  processed into 1 output (40x1001)
[ZEBRA]   resnet50_subgraph#2 (CPU mode):   Whole sum   0.21,1 input (40x1001)  processed into 1 output (40x1001)
[ZEBRA]   Whole graph  (ZEBRA mode): Whole sum  43.93 | Pre-process  3.56 | PCIe writes  5.35 | FPGA  22.38 | Post-process  0.27 | PCIe reads  0.55 | ZEBRA overhead  9.73 | CPU sum 11.82,1 input (40x224x224x3)  processed into 1 output (40x1001)
[ZEBRA]
[ZEBRA] Statistics (in ms) for network "resnet50", 40 samples per batch, batch number   8:
[ZEBRA]   resnet50_subgraph#0 (CPU mode):   Whole sum  11.81,1 input (40x224x224x3)  processed into 1 output (40x3x224x224)
[ZEBRA]   resnet50_subgraph#1 (ZEBRA mode): Whole sum  28.99 | CPU only sum  6.62 | Pre-process  2.30 | PCIe writes  3.54 | FPGA  22.37 | Post-process  0.28 | PCIe reads  0.50,1 input (40x3x224x224)  processed into 1 output (40x1001)
[ZEBRA]   resnet50_subgraph#2 (CPU mode):   Whole sum   0.21,1 input (40x1001)  processed into 1 output (40x1001)
[ZEBRA]   Whole graph  (ZEBRA mode): Whole sum  41.01 | Pre-process  2.30 | PCIe writes  3.54 | FPGA  22.37 | Post-process  0.28 | PCIe reads  0.50 | ZEBRA overhead  6.62 | CPU sum 12.02,1 input (40x224x224x3)  processed into 1 output (40x1001)
[ZEBRA]
[ZEBRA] Statistics (in ms) for network "resnet50", 40 samples per batch, batch number   9:
[ZEBRA]   resnet50_subgraph#0 (CPU mode):   Whole sum  10.76,1 input (40x224x224x3)  processed into 1 output (40x3x224x224)
[ZEBRA]   resnet50_subgraph#1 (ZEBRA mode): Whole sum  34.60 | CPU only sum 12.23 | Pre-process  6.64 | PCIe writes  4.73 | FPGA  22.37 | Post-process  0.27 | PCIe reads  0.58,1 input (40x3x224x224)  processed into 1 output (40x1001)
[ZEBRA]   resnet50_subgraph#2 (CPU mode):   Whole sum   0.22,1 input (40x1001)  processed into 1 output (40x1001)
[ZEBRA]   Whole graph  (ZEBRA mode): Whole sum  45.57 | Pre-process  6.64 | PCIe writes  4.73 | FPGA  22.37 | Post-process  0.27 | PCIe reads  0.58 | ZEBRA overhead 12.23 | CPU sum 10.98,1 input (40x224x224x3)  processed into 1 output (40x1001)
[ZEBRA] [resnet50 TEST top1] 88.5% passed.
[ZEBRA] [resnet50 TEST top5] 97.8% passed.
[ZEBRA] [resnet50 ALL TESTS] 88.5% passed.
[ZEBRA] "resnet50" run summary:
[ZEBRA]          board 1 x XIL_VCK5000Prod_woAIE (config: 4x2x6)
[ZEBRA]          using 8 cores
[ZEBRA]          running at 500.0 MHz
[ZEBRA]          10 batches of 40 samples (the first batch is not used to compute the detailed times)
[ZEBRA]          1 input per batch (40x224x224x3)
[ZEBRA]          1 output per batch (40x1001)
[ZEBRA]          3 total subgraphs:
[ZEBRA]                  1 ZEBRA subgraph
[ZEBRA]                  2 CPU subgraphs
[ZEBRA]          400 samples
[ZEBRA]          from 08/29/2022 15:42:36 to 08/29/2022 15:43:00
[ZEBRA]          detailed times in ms
+----------------------------------+-----------+-----------+-----------+-----------+-----------+-----------+-----------+-----------+
|                                  | ms/batch  | ms/batch  | ms/batch  | ms/batch  | ms/batch  |     %     | ms/sample | sample/s  |
|                                  |    min    |    max    |   mean    | 90th-tile |  median   |  median   |  median   |  median   |
+----------------------------------+-----------+-----------+-----------+-----------+-----------+-----------+-----------+-----------+
| resnet50_subgraph#0 (CPU mode)   |           |           |           |           |           |           |           |           |
| Whole Sum                        |     10.76 |     15.07 |     12.27 |     15.07 |     11.81 |    100.00 |      0.30 |           |
+----------------------------------+-----------+-----------+-----------+-----------+-----------+-----------+-----------+-----------+
| resnet50_subgraph#1 (ZEBRA mode) |           |           |           |           |           |           |           |           |
| Whole Sum                        |     28.99 |     34.60 |     31.47 |     34.60 |     31.65 |    100.00 |      0.79 |           |
|   FPGA Processing                |     22.33 |     22.38 |     22.36 |     22.38 |     22.36 |     70.65 |      0.56 |           |
|   ZEBRA Overhead                 |      6.57 |     12.96 |      9.11 |     12.96 |      8.97 |     28.33 |      0.22 |           |
|     Pre-Process                  |      2.30 |      6.64 |      3.62 |      6.64 |      3.37 |     10.63 |      0.08 |           |
|     PCIe Writes                  |      3.54 |      5.35 |      4.67 |      5.35 |      4.79 |     15.14 |      0.12 |           |
|     Post-Process                 |      0.27 |      0.29 |      0.28 |      0.29 |      0.28 |      0.88 |      0.01 |           |
|     PCIe Reads                   |      0.46 |      0.68 |      0.54 |      0.68 |      0.53 |      1.68 |      0.01 |           |
+----------------------------------+-----------+-----------+-----------+-----------+-----------+-----------+-----------+-----------+
| resnet50_subgraph#2 (CPU mode)   |           |           |           |           |           |           |           |           |
| Whole Sum                        |      0.20 |      0.32 |      0.22 |      0.32 |      0.21 |    100.00 |      0.01 |           |
+----------------------------------+-----------+-----------+-----------+-----------+-----------+-----------+-----------+-----------+
| Whole graph                      |           |           |           |           |           |           |           |           |
| Whole Sum                        |     41.01 |     45.57 |     43.96 |     45.57 |     43.93 |    100.00 |      1.10 |       911 |
|   FPGA Processing                |     22.33 |     22.38 |     22.36 |     22.38 |     22.36 |     50.90 |      0.56 |    1.79 K |
|   ZEBRA Overhead                 |      6.57 |     12.96 |      9.11 |     12.96 |      8.97 |     20.41 |      0.22 |           |
|     Pre-Process                  |      2.30 |      6.64 |      3.62 |      6.64 |      3.37 |      7.66 |      0.08 |           |
|     PCIe Writes                  |      3.54 |      5.35 |      4.67 |      5.35 |      4.79 |     10.91 |      0.12 |           |
|     Post-Process                 |      0.27 |      0.29 |      0.28 |      0.29 |      0.28 |      0.63 |      0.01 |           |
|     PCIe Reads                   |      0.46 |      0.68 |      0.54 |      0.68 |      0.53 |      1.21 |      0.01 |           |
|   CPU Processing                 |     10.98 |     15.39 |     12.49 |     15.39 |     12.02 |     27.36 |      0.30 |           |
+----------------------------------+-----------+-----------+-----------+-----------+-----------+-----------+-----------+-----------+

demo@vck5000:~/zebra/examples$


